09:54:09 | INFO | Load data from file data/excels/20220524.xlsx
09:54:15 | INFO | max: 242.72142484647924
09:54:15 | INFO | reject outlier data: 6551.0
09:54:15 | INFO | reject outlier data: 6284.0
09:54:15 | INFO | reject outlier data: 6027.0
09:54:15 | INFO | reject outlier data: 6546.0
09:54:15 | INFO | reject outlier data: 5825.0
09:54:15 | INFO | reject outlier data: 6355.0
09:54:15 | INFO | reject outlier data: 5879.0
09:54:15 | INFO | reject outlier data: 6185.0
09:54:15 | INFO | max: 3.3103680740981813
09:54:15 | INFO | max: 5.338221388958473
09:54:15 | INFO | Load data from file data/excels/20220527.xlsx
09:54:18 | INFO | max: 186.6953243572381
09:54:18 | INFO | reject outlier data: 6142.0
09:54:18 | INFO | reject outlier data: 6480.0
09:54:18 | INFO | max: 5.242825270940372
09:54:18 | INFO | max: 8.339768322530636
09:54:18 | INFO | Load data from file data/excels/20220610-20200619.xlsx
09:54:39 | INFO | max: 378.476452804385
09:54:39 | INFO | reject outlier data: 6896.0
09:54:39 | INFO | reject outlier data: 6792.0
09:54:39 | INFO | reject outlier data: 6726.0
09:54:39 | INFO | reject outlier data: 6000.0
09:54:39 | INFO | reject outlier data: 6409.0
09:54:39 | INFO | reject outlier data: 6748.0
09:54:39 | INFO | reject outlier data: 6158.0
09:54:39 | INFO | reject outlier data: 6480.0
09:54:39 | INFO | reject outlier data: 6409.0
09:54:39 | INFO | reject outlier data: 5868.0
09:54:39 | INFO | reject outlier data: 6322.0
09:54:39 | INFO | reject outlier data: 6327.0
09:54:39 | INFO | reject outlier data: 5934.0
09:54:39 | INFO | reject outlier data: 6786.0
09:54:39 | INFO | reject outlier data: 6409.0
09:54:39 | INFO | reject outlier data: 6333.0
09:54:39 | INFO | reject outlier data: 6737.0
09:54:39 | INFO | reject outlier data: 6601.0
09:54:39 | INFO | reject outlier data: 6830.0
09:54:39 | INFO | reject outlier data: 6262.0
09:54:39 | INFO | reject outlier data: 6316.0
09:54:39 | INFO | max: 3.1538660738103985
09:54:40 | INFO | max: 5.3439215515229295
09:54:40 | INFO | Load data from file data/excels/20220521-20220530.xlsx
09:54:58 | INFO | max: 181.46020654975274
09:54:58 | INFO | reject outlier data: 6448.0
09:54:58 | INFO | reject outlier data: 6491.0
09:54:58 | INFO | reject outlier data: 5945.0
09:54:58 | INFO | reject outlier data: 6136.0
09:54:58 | INFO | reject outlier data: 6453.0
09:54:58 | INFO | max: 79.754440169381
09:56:07 | INFO | Load data from file data/excels/20220524.xlsx
09:56:12 | INFO | max: 242.72142484647924
09:56:12 | INFO | reject outlier data: 6551.0
09:56:12 | INFO | reject outlier data: 6284.0
09:56:12 | INFO | reject outlier data: 6027.0
09:56:12 | INFO | reject outlier data: 6546.0
09:56:12 | INFO | reject outlier data: 5825.0
09:56:12 | INFO | reject outlier data: 6355.0
09:56:12 | INFO | reject outlier data: 5879.0
09:56:12 | INFO | reject outlier data: 6185.0
09:56:12 | INFO | max: 3.3103680740981813
09:56:13 | INFO | max: 5.338221388958473
09:56:13 | INFO | Load data from file data/excels/20220527.xlsx
09:56:15 | INFO | max: 186.6953243572381
09:56:15 | INFO | reject outlier data: 6142.0
09:56:15 | INFO | reject outlier data: 6480.0
09:56:15 | INFO | max: 5.242825270940372
09:56:15 | INFO | max: 8.339768322530636
09:56:16 | INFO | Load data from file data/excels/20220610-20200619.xlsx
09:56:32 | INFO | max: 378.476452804385
09:56:32 | INFO | reject outlier data: 6896.0
09:56:32 | INFO | reject outlier data: 6792.0
09:56:32 | INFO | reject outlier data: 6726.0
09:56:32 | INFO | reject outlier data: 6000.0
09:56:32 | INFO | reject outlier data: 6409.0
09:56:32 | INFO | reject outlier data: 6748.0
09:56:32 | INFO | reject outlier data: 6158.0
09:56:32 | INFO | reject outlier data: 6480.0
09:56:32 | INFO | reject outlier data: 6409.0
09:56:32 | INFO | reject outlier data: 5868.0
09:56:32 | INFO | reject outlier data: 6322.0
09:56:32 | INFO | reject outlier data: 6327.0
09:56:32 | INFO | reject outlier data: 5934.0
09:56:32 | INFO | reject outlier data: 6786.0
09:56:32 | INFO | reject outlier data: 6409.0
09:56:32 | INFO | reject outlier data: 6333.0
09:56:32 | INFO | reject outlier data: 6737.0
09:56:32 | INFO | reject outlier data: 6601.0
09:56:32 | INFO | reject outlier data: 6830.0
09:56:32 | INFO | reject outlier data: 6262.0
09:56:32 | INFO | reject outlier data: 6316.0
09:56:32 | INFO | max: 3.1538660738103985
09:56:33 | INFO | max: 5.3439215515229295
09:56:33 | INFO | Load data from file data/excels/20220521-20220530.xlsx
09:56:48 | INFO | max: 181.46020654975274
09:56:48 | INFO | reject outlier data: 6448.0
09:56:48 | INFO | reject outlier data: 6491.0
09:56:49 | INFO | reject outlier data: 5945.0
09:56:49 | INFO | reject outlier data: 6136.0
09:56:49 | INFO | reject outlier data: 6453.0
09:56:49 | INFO | max: 79.754440169381
09:56:49 | INFO | reject outlier data: 6124.0
09:56:49 | INFO | max: 4.905624737307033
09:56:49 | INFO | Load data from file data/excels/20220421-20220430.xlsx
09:57:14 | INFO | max: 3.3400000000000065
09:57:14 | INFO | max: 2.02
09:57:14 | INFO | max: 3.470000000000003
09:57:14 | INFO | Load data from file data/excels/20220525.xlsx
09:57:19 | INFO | max: 315.84719600620633
09:57:19 | INFO | reject outlier data: 6087.0
09:57:19 | INFO | reject outlier data: 6267.0
09:57:19 | INFO | reject outlier data: 5956.0
09:57:19 | INFO | reject outlier data: 6590.0
09:57:19 | INFO | reject outlier data: 6415.0
09:57:19 | INFO | reject outlier data: 5989.0
09:57:19 | INFO | reject outlier data: 6366.0
09:57:19 | INFO | reject outlier data: 6071.0
09:57:19 | INFO | reject outlier data: 6344.0
09:57:19 | INFO | reject outlier data: 6333.0
09:57:19 | INFO | reject outlier data: 6344.0
09:57:19 | INFO | reject outlier data: 7169.0
09:57:19 | INFO | reject outlier data: 6557.0
09:57:19 | INFO | max: 3.3159841482679333
09:57:19 | INFO | max: 5.434509559273946
09:57:19 | INFO | Load data from file data/excels/20220526.xlsx
09:57:24 | INFO | max: 130.82838118098812
09:57:24 | INFO | reject outlier data: 6540.0
09:57:24 | INFO | reject outlier data: 6726.0
09:57:24 | INFO | max: 3.3924679681982965
09:57:24 | INFO | reject outlier data: -5.0
09:57:24 | INFO | reject outlier data: -5.0
09:57:24 | INFO | reject outlier data: -5.0
09:57:24 | INFO | reject outlier data: -5.0
09:57:24 | INFO | reject outlier data: -5.0
09:57:24 | INFO | reject outlier data: -5.0
09:57:24 | INFO | reject outlier data: -5.0
09:57:24 | INFO | reject outlier data: -5.0
09:57:24 | INFO | reject outlier data: -5.0
09:57:24 | INFO | reject outlier data: -5.0
09:57:24 | INFO | reject outlier data: -5.0
09:57:24 | INFO | max: 5.447327545677851
09:57:24 | INFO | Load data from file data/excels/20220522.xlsx
09:57:30 | INFO | max: 199.85448727903295
09:57:30 | INFO | reject outlier data: 6453.0
09:57:30 | INFO | reject outlier data: 6579.0
09:57:30 | INFO | reject outlier data: 6240.0
09:57:30 | INFO | reject outlier data: 6808.0
09:57:30 | INFO | reject outlier data: 6147.0
09:57:30 | INFO | max: 3.2869803188663744
09:57:30 | INFO | max: 5.5778655633755765
09:57:30 | INFO | Load data from file data/excels/20220401-20220410.xlsx
09:57:45 | INFO | max: 226.4914821108991
09:57:45 | INFO | reject outlier data: 6142.0
09:57:45 | INFO | reject outlier data: 6814.0
09:57:45 | INFO | reject outlier data: 6579.0
09:57:45 | INFO | reject outlier data: 6584.0
09:57:45 | INFO | reject outlier data: 6524.0
09:57:45 | INFO | reject outlier data: 6857.0
09:57:45 | INFO | reject outlier data: 7021.0
09:57:45 | INFO | max: 2.783833890718964
09:57:45 | INFO | max: 4.936939441586435
09:57:45 | INFO | Load data from file data/excels/20220619-20220628.xlsx
09:58:15 | INFO | max: 188.83839278877403
09:58:15 | INFO | reject outlier data: 6546.0
09:58:15 | INFO | reject outlier data: 6502.0
09:58:15 | INFO | reject outlier data: 6617.0
09:58:15 | INFO | reject outlier data: 6459.0
09:58:15 | INFO | reject outlier data: 6923.0
09:58:15 | INFO | max: 3.427661362541177
09:58:16 | INFO | max: 7.020503962298717
09:58:16 | INFO | Load data from file data/excels/20220531.xlsx
09:58:26 | INFO | max: 292.7823821032633
09:58:26 | INFO | reject outlier data: 5978.0
09:58:26 | INFO | reject outlier data: 6612.0
09:58:26 | INFO | reject outlier data: 6000.0
09:58:26 | INFO | reject outlier data: 6267.0
09:58:26 | INFO | reject outlier data: 6770.0
09:58:26 | INFO | reject outlier data: 6486.0
09:58:26 | INFO | reject outlier data: 6704.0
09:58:26 | INFO | reject outlier data: 6721.0
09:58:26 | INFO | reject outlier data: 6060.0
09:58:26 | INFO | reject outlier data: 6404.0
09:58:26 | INFO | reject outlier data: 6371.0
09:58:26 | INFO | max: 3.6581308018086496
09:58:26 | INFO | max: 4.922685164217281
09:58:26 | INFO | reject outlier data: -5.0
09:58:26 | INFO | Load data from file data/excels/20220511-20220520.xlsx
09:58:40 | INFO | max: nan
09:58:40 | INFO | max: nan
09:58:40 | INFO | max: nan
09:58:40 | INFO | Load data from file data/excels/20220321-20220331.xlsx
09:58:59 | INFO | max: 165.40198381620135
09:58:59 | INFO | reject outlier data: 6021.0
09:58:59 | INFO | reject outlier data: 6595.0
09:58:59 | INFO | reject outlier data: 6579.0
09:58:59 | INFO | reject outlier data: 6387.0
09:58:59 | INFO | max: 72.27758475000812
09:58:59 | INFO | reject outlier data: -5.0
09:58:59 | INFO | reject outlier data: -5.0
09:58:59 | INFO | reject outlier data: 5550.0
09:58:59 | INFO | reject outlier data: -5.0
09:58:59 | INFO | reject outlier data: -5.0
09:58:59 | INFO | max: 4.728279504474165
09:58:59 | INFO | reject outlier data: -5.0
09:58:59 | INFO | Load data from file data/excels/20220523.xlsx
09:59:06 | INFO | max: 151.74071118340197
09:59:06 | INFO | reject outlier data: 6508.0
09:59:06 | INFO | reject outlier data: 5874.0
09:59:06 | INFO | reject outlier data: 6513.0
09:59:06 | INFO | max: 3.7511214676170583
09:59:06 | INFO | reject outlier data: 22.96
09:59:06 | INFO | reject outlier data: 8.1
09:59:07 | INFO | max: 6.165605330477624
09:59:07 | INFO | reject outlier data: 22.96
09:59:07 | INFO | Load data from file data/excels/20220501-20220510.xlsx
09:59:38 | INFO | max: 3.3400000000000065
09:59:38 | INFO | max: 2.02
09:59:38 | INFO | max: 3.470000000000003
09:59:38 | INFO | Load data from file data/excels/20220428.xlsx
09:59:44 | INFO | max: 251.754507589382
09:59:44 | INFO | reject outlier data: 5688.0
09:59:44 | INFO | reject outlier data: 5868.0
09:59:44 | INFO | reject outlier data: 6606.0
09:59:44 | INFO | reject outlier data: 6497.0
09:59:44 | INFO | reject outlier data: 6601.0
09:59:44 | INFO | reject outlier data: 6606.0
09:59:44 | INFO | reject outlier data: 6699.0
09:59:44 | INFO | reject outlier data: 6830.0
09:59:44 | INFO | max: 4.219770289863217
09:59:44 | INFO | reject outlier data: 6.54
09:59:44 | INFO | reject outlier data: 11.02
09:59:45 | INFO | max: 7.50406930972091
09:59:45 | INFO | reject outlier data: 22.96
09:59:45 | INFO | reject outlier data: 19.07
09:59:45 | INFO | Load data from file data/excels/20220628-20220707.xlsx
10:00:04 | INFO | max: 2.470000000000003
10:00:04 | INFO | max: 1.3700000000000023
10:00:05 | INFO | max: 2.25
10:00:05 | INFO | Load data from file data/excels/20220411-20220420.xlsx
10:00:25 | INFO | max: 260.6482383501365
10:00:25 | INFO | reject outlier data: 6683.0
10:00:25 | INFO | reject outlier data: 6502.0
10:00:25 | INFO | reject outlier data: 5939.0
10:00:25 | INFO | reject outlier data: 6617.0
10:00:25 | INFO | reject outlier data: 6513.0
10:00:25 | INFO | reject outlier data: 6163.0
10:00:25 | INFO | reject outlier data: 6415.0
10:00:25 | INFO | reject outlier data: 6497.0
10:00:25 | INFO | reject outlier data: 6377.0
10:00:25 | INFO | reject outlier data: 6491.0
10:00:25 | INFO | max: 4.08786200585372
10:00:25 | INFO | reject outlier data: 16.66
10:00:25 | INFO | max: 5.136686490854548
10:00:25 | INFO | reject outlier data: 14.54
10:00:25 | INFO | save pickle -> pickle/x.pickle
10:00:26 | INFO | save pickle -> pickle/y.pickle
10:00:26 | INFO | save pickle -> pickle/z.pickle
10:01:27 | INFO | count of zeros: 4503
10:25:42 | INFO | load pickle <- pickle/x.pickle
10:25:42 | INFO | load pickle <- pickle/x.pickle
10:25:43 | INFO | load pickle <- pickle/y.pickle
10:25:43 | INFO | load pickle <- pickle/y.pickle
10:25:43 | INFO | load pickle <- pickle/z.pickle
10:25:43 | INFO | load pickle <- pickle/z.pickle
10:25:47 | INFO | count of zeros: 4503
10:25:47 | INFO | count of zeros: 4503
10:26:43 | INFO | logger system works!
10:26:43 | INFO | logger system works!
10:26:43 | INFO | logger system works!
10:26:57 | INFO | logger system works!
10:28:16 | INFO | count of zeros: 4503
11:20:32 | INFO | logger system works!
11:20:32 | INFO | load pickle <- pickle/x.pickle
11:20:33 | INFO | load pickle <- pickle/y.pickle
11:20:33 | INFO | load pickle <- pickle/z.pickle
11:21:50 | INFO | logger system works!
11:21:50 | INFO | load pickle <- pickle/x.pickle
11:21:50 | INFO | load pickle <- pickle/y.pickle
11:21:50 | INFO | load pickle <- pickle/z.pickle
11:21:55 | INFO | count of zeros: 4503
15:40:28 | INFO | logger system works!
15:40:28 | INFO | load pickle <- pickle/x.pickle
15:40:28 | INFO | load pickle <- pickle/y.pickle
15:40:28 | INFO | load pickle <- pickle/z.pickle
15:40:34 | INFO | count of zeros: 4503
15:50:03 | INFO | logger system works!
15:50:03 | INFO | load pickle <- pickle/x.pickle
15:50:03 | INFO | load pickle <- pickle/y.pickle
15:50:04 | INFO | load pickle <- pickle/z.pickle
15:50:10 | INFO | count of zeros: 4503
15:52:15 | INFO | logger system works!
15:52:15 | INFO | load pickle <- pickle/x.pickle
15:52:15 | INFO | load pickle <- pickle/y.pickle
15:52:16 | INFO | load pickle <- pickle/z.pickle
15:52:22 | INFO | count of zeros: 4503
16:02:23 | INFO | logger system works!
16:02:23 | INFO | load pickle <- pickle/x.pickle
16:02:23 | INFO | load pickle <- pickle/y.pickle
16:02:24 | INFO | load pickle <- pickle/z.pickle
16:02:27 | INFO | count of zeros: 4503
16:03:17 | INFO | logger system works!
16:03:17 | INFO | load pickle <- pickle/x.pickle
16:03:18 | INFO | load pickle <- pickle/y.pickle
16:03:18 | INFO | load pickle <- pickle/z.pickle
16:03:23 | INFO | count of zeros: 4503
16:04:56 | INFO | logger system works!
16:04:56 | INFO | load pickle <- pickle/x.pickle
16:04:57 | INFO | load pickle <- pickle/y.pickle
16:04:57 | INFO | load pickle <- pickle/z.pickle
16:05:02 | INFO | count of zeros: 4503
16:10:19 | INFO | logger system works!
16:10:19 | INFO | load pickle <- pickle/x.pickle
16:10:20 | INFO | load pickle <- pickle/y.pickle
16:10:20 | INFO | load pickle <- pickle/z.pickle
16:10:25 | INFO | count of zeros: 4503
16:13:20 | INFO | logger system works!
16:13:20 | INFO | load pickle <- pickle/x.pickle
16:13:21 | INFO | load pickle <- pickle/y.pickle
16:13:21 | INFO | load pickle <- pickle/z.pickle
16:13:25 | INFO | count of zeros: 4503
16:13:26 | ERROR | Uncaught exception in ZMQStream callback
Traceback (most recent call last):
  File "/home/zzh/anaconda3/envs/industry_py3.9/lib/python3.9/site-packages/zmq/eventloop/zmqstream.py", line 556, in _run_callback
  File "/home/zzh/anaconda3/envs/industry_py3.9/lib/python3.9/site-packages/ipykernel/iostream.py", line 127, in _handle_event
  File "/home/zzh/anaconda3/envs/industry_py3.9/lib/python3.9/site-packages/ipykernel/iostream.py", line 225, in <lambda>
  File "/home/zzh/anaconda3/envs/industry_py3.9/lib/python3.9/site-packages/ipykernel/iostream.py", line 233, in _really_send
  File "/home/zzh/anaconda3/envs/industry_py3.9/lib/python3.9/site-packages/zmq/sugar/socket.py", line 675, in send_multipart
  File "/home/zzh/anaconda3/envs/industry_py3.9/lib/python3.9/site-packages/zmq/sugar/socket.py", line 618, in send
  File "zmq/backend/cython/socket.pyx", line 740, in zmq.backend.cython.socket.Socket.send
  File "zmq/backend/cython/socket.pyx", line 800, in zmq.backend.cython.socket.Socket.send
  File "zmq/backend/cython/message.pyx", line 184, in zmq.backend.cython.message.Frame.__cinit__
ModuleNotFoundError: No module named 'zmq.utils.garbage'
16:13:36 | ERROR | Uncaught exception in zmqstream callback
Traceback (most recent call last):
  File "/home/zzh/anaconda3/envs/industry_py3.9/lib/python3.9/site-packages/zmq/eventloop/zmqstream.py", line 577, in _handle_events
  File "/home/zzh/anaconda3/envs/industry_py3.9/lib/python3.9/site-packages/zmq/eventloop/zmqstream.py", line 606, in _handle_recv
  File "/home/zzh/anaconda3/envs/industry_py3.9/lib/python3.9/site-packages/zmq/eventloop/zmqstream.py", line 556, in _run_callback
  File "/home/zzh/anaconda3/envs/industry_py3.9/lib/python3.9/site-packages/ipykernel/iostream.py", line 127, in _handle_event
  File "/home/zzh/anaconda3/envs/industry_py3.9/lib/python3.9/site-packages/ipykernel/iostream.py", line 225, in <lambda>
  File "/home/zzh/anaconda3/envs/industry_py3.9/lib/python3.9/site-packages/ipykernel/iostream.py", line 233, in _really_send
  File "/home/zzh/anaconda3/envs/industry_py3.9/lib/python3.9/site-packages/zmq/sugar/socket.py", line 675, in send_multipart
  File "/home/zzh/anaconda3/envs/industry_py3.9/lib/python3.9/site-packages/zmq/sugar/socket.py", line 618, in send
  File "zmq/backend/cython/socket.pyx", line 740, in zmq.backend.cython.socket.Socket.send
  File "zmq/backend/cython/socket.pyx", line 800, in zmq.backend.cython.socket.Socket.send
  File "zmq/backend/cython/message.pyx", line 184, in zmq.backend.cython.message.Frame.__cinit__
ModuleNotFoundError: No module named 'zmq.utils.garbage'
16:13:46 | ERROR | Exception in callback functools.partial(<function ZMQStream._update_handler.<locals>.<lambda> at 0x7fe7c8e2db80>)
Traceback (most recent call last):
  File "/home/zzh/anaconda3/envs/industry_py3.9/lib/python3.9/site-packages/tornado/ioloop.py", line 741, in _run_callback
  File "/home/zzh/anaconda3/envs/industry_py3.9/lib/python3.9/site-packages/zmq/eventloop/zmqstream.py", line 661, in <lambda>
  File "/home/zzh/anaconda3/envs/industry_py3.9/lib/python3.9/site-packages/zmq/eventloop/zmqstream.py", line 577, in _handle_events
  File "/home/zzh/anaconda3/envs/industry_py3.9/lib/python3.9/site-packages/zmq/eventloop/zmqstream.py", line 606, in _handle_recv
  File "/home/zzh/anaconda3/envs/industry_py3.9/lib/python3.9/site-packages/zmq/eventloop/zmqstream.py", line 556, in _run_callback
  File "/home/zzh/anaconda3/envs/industry_py3.9/lib/python3.9/site-packages/ipykernel/iostream.py", line 127, in _handle_event
  File "/home/zzh/anaconda3/envs/industry_py3.9/lib/python3.9/site-packages/ipykernel/iostream.py", line 225, in <lambda>
  File "/home/zzh/anaconda3/envs/industry_py3.9/lib/python3.9/site-packages/ipykernel/iostream.py", line 233, in _really_send
  File "/home/zzh/anaconda3/envs/industry_py3.9/lib/python3.9/site-packages/zmq/sugar/socket.py", line 675, in send_multipart
  File "/home/zzh/anaconda3/envs/industry_py3.9/lib/python3.9/site-packages/zmq/sugar/socket.py", line 618, in send
  File "zmq/backend/cython/socket.pyx", line 740, in zmq.backend.cython.socket.Socket.send
  File "zmq/backend/cython/socket.pyx", line 800, in zmq.backend.cython.socket.Socket.send
  File "zmq/backend/cython/message.pyx", line 184, in zmq.backend.cython.message.Frame.__cinit__
ModuleNotFoundError: No module named 'zmq.utils.garbage'
16:14:51 | INFO | logger system works!
16:14:51 | INFO | load pickle <- pickle/x.pickle
16:14:51 | INFO | load pickle <- pickle/y.pickle
16:14:51 | INFO | load pickle <- pickle/z.pickle
16:14:57 | INFO | count of zeros: 4503
16:18:47 | INFO | logger system works!
16:18:47 | INFO | load pickle <- pickle/x.pickle
16:18:47 | INFO | load pickle <- pickle/y.pickle
16:18:47 | INFO | load pickle <- pickle/z.pickle
16:18:52 | INFO | count of zeros: 4503
16:19:54 | INFO | logger system works!
16:19:54 | INFO | load pickle <- pickle/x.pickle
16:19:55 | INFO | load pickle <- pickle/y.pickle
16:19:55 | INFO | load pickle <- pickle/z.pickle
16:19:59 | INFO | count of zeros: 4503
16:20:59 | INFO | logger system works!
16:20:59 | INFO | load pickle <- pickle/x.pickle
16:20:59 | INFO | load pickle <- pickle/y.pickle
16:20:59 | INFO | load pickle <- pickle/z.pickle
16:21:03 | INFO | count of zeros: 4503
16:22:15 | INFO | logger system works!
16:22:15 | INFO | load pickle <- pickle/x.pickle
16:22:15 | INFO | load pickle <- pickle/y.pickle
16:22:16 | INFO | load pickle <- pickle/z.pickle
16:22:20 | INFO | count of zeros: 4503
16:22:51 | WARNING | Model was constructed with shape (None, 4618332) for input KerasTensor(type_spec=TensorSpec(shape=(None, 4618332), dtype=tf.float32, name='input_1'), name='input_1', description="created by layer 'input_1'"), but it was called on an input with incompatible shape (None,).
